2018-07-12 00:06:32,220 DEBUG    root            Loaded Command Group: [u'gcloud', u'pubsub']
2018-07-12 00:06:32,221 DEBUG    root            Loaded Command Group: [u'gcloud', u'pubsub', u'subscriptions']
2018-07-12 00:06:32,224 DEBUG    root            Loaded Command Group: [u'gcloud', u'pubsub', u'subscriptions', u'pull']
2018-07-12 00:06:32,229 DEBUG    root            Running [gcloud.pubsub.subscriptions.pull] with arguments: [--auto-ack: "True", --format: "json(message.attributes, message.messageId, message.publishTime)", --project: "smx-gcloud-cis", SUBSCRIPTION: "smx-command-subscription"]
2018-07-12 00:06:34,302 INFO     root            Display format: "table[box](
  message.data.decode(base64).decode(utf-8),
  message.messageId,
  message.attributes.list(separator='
'),
  ackId.if(NOT auto_ack)
)
 json(message.attributes, message.messageId, message.publishTime)"
2018-07-12 00:06:34,303 INFO     ___FILE_ONLY___ [
  {
2018-07-12 00:06:34,303 INFO     ___FILE_ONLY___ 
    "message": {
2018-07-12 00:06:34,303 INFO     ___FILE_ONLY___ 
      "attributes": {
2018-07-12 00:06:34,303 INFO     ___FILE_ONLY___ 
        "Command": "RunScan",
2018-07-12 00:06:34,303 INFO     ___FILE_ONLY___ 
        "ScanType": "GCloudStorage"
2018-07-12 00:06:34,304 INFO     ___FILE_ONLY___ 
      },
2018-07-12 00:06:34,304 INFO     ___FILE_ONLY___ 
      "messageId": "126016990441704",
2018-07-12 00:06:34,304 INFO     ___FILE_ONLY___ 
      "publishTime": "2018-07-12T00:06:27.612Z"
2018-07-12 00:06:34,304 INFO     ___FILE_ONLY___ 
    }
2018-07-12 00:06:34,304 INFO     ___FILE_ONLY___ 
  }
2018-07-12 00:06:34,304 INFO     ___FILE_ONLY___ 
]

2018-07-12 00:06:34,305 DEBUG    root            SDK update checks are disabled.
