2018-07-12 00:26:02,241 DEBUG    root            Loaded Command Group: [u'gcloud', u'pubsub']
2018-07-12 00:26:02,243 DEBUG    root            Loaded Command Group: [u'gcloud', u'pubsub', u'subscriptions']
2018-07-12 00:26:02,246 DEBUG    root            Loaded Command Group: [u'gcloud', u'pubsub', u'subscriptions', u'pull']
2018-07-12 00:26:02,251 DEBUG    root            Running [gcloud.pubsub.subscriptions.pull] with arguments: [--auto-ack: "True", --format: "json(message.attributes, message.messageId, message.publishTime)", --project: "smx-gcloud-cis", SUBSCRIPTION: "smx-command-subscription"]
2018-07-12 00:26:04,225 INFO     root            Display format: "table[box](
  message.data.decode(base64).decode(utf-8),
  message.messageId,
  message.attributes.list(separator='
'),
  ackId.if(NOT auto_ack)
)
 json(message.attributes, message.messageId, message.publishTime)"
2018-07-12 00:26:04,226 INFO     ___FILE_ONLY___ [
  {
2018-07-12 00:26:04,226 INFO     ___FILE_ONLY___ 
    "message": {
2018-07-12 00:26:04,226 INFO     ___FILE_ONLY___ 
      "attributes": {
2018-07-12 00:26:04,226 INFO     ___FILE_ONLY___ 
        "Command": "RunScan",
2018-07-12 00:26:04,226 INFO     ___FILE_ONLY___ 
        "ScanType": "GCloudStorage"
2018-07-12 00:26:04,226 INFO     ___FILE_ONLY___ 
      },
2018-07-12 00:26:04,226 INFO     ___FILE_ONLY___ 
      "messageId": "126017223457436",
2018-07-12 00:26:04,227 INFO     ___FILE_ONLY___ 
      "publishTime": "2018-07-12T00:25:31.577Z"
2018-07-12 00:26:04,227 INFO     ___FILE_ONLY___ 
    }
2018-07-12 00:26:04,227 INFO     ___FILE_ONLY___ 
  }
2018-07-12 00:26:04,227 INFO     ___FILE_ONLY___ 
]

2018-07-12 00:26:04,228 DEBUG    root            SDK update checks are disabled.
