2018-07-12 00:24:01,598 DEBUG    root            Loaded Command Group: [u'gcloud', u'pubsub']
2018-07-12 00:24:01,600 DEBUG    root            Loaded Command Group: [u'gcloud', u'pubsub', u'subscriptions']
2018-07-12 00:24:01,604 DEBUG    root            Loaded Command Group: [u'gcloud', u'pubsub', u'subscriptions', u'pull']
2018-07-12 00:24:01,610 DEBUG    root            Running [gcloud.pubsub.subscriptions.pull] with arguments: [--auto-ack: "True", --format: "json(message.attributes, message.messageId, message.publishTime)", --project: "smx-gcloud-cis", SUBSCRIPTION: "smx-command-subscription"]
2018-07-12 00:24:03,536 INFO     root            Display format: "table[box](
  message.data.decode(base64).decode(utf-8),
  message.messageId,
  message.attributes.list(separator='
'),
  ackId.if(NOT auto_ack)
)
 json(message.attributes, message.messageId, message.publishTime)"
2018-07-12 00:24:03,537 INFO     ___FILE_ONLY___ [
  {
2018-07-12 00:24:03,538 INFO     ___FILE_ONLY___ 
    "message": {
2018-07-12 00:24:03,538 INFO     ___FILE_ONLY___ 
      "attributes": {
2018-07-12 00:24:03,538 INFO     ___FILE_ONLY___ 
        "Command": "RunScan",
2018-07-12 00:24:03,538 INFO     ___FILE_ONLY___ 
        "ScanType": "GCloudStorage"
2018-07-12 00:24:03,538 INFO     ___FILE_ONLY___ 
      },
2018-07-12 00:24:03,538 INFO     ___FILE_ONLY___ 
      "messageId": "126017114689541",
2018-07-12 00:24:03,538 INFO     ___FILE_ONLY___ 
      "publishTime": "2018-07-12T00:15:22.143Z"
2018-07-12 00:24:03,538 INFO     ___FILE_ONLY___ 
    }
2018-07-12 00:24:03,538 INFO     ___FILE_ONLY___ 
  }
2018-07-12 00:24:03,538 INFO     ___FILE_ONLY___ 
]

2018-07-12 00:24:03,539 DEBUG    root            SDK update checks are disabled.
